This file contains any messages produced by compilers while
running configure, to aid debugging if configure makes a mistake.

It was created by FULL-PACKAGE-NAME configure VERSION, which was
generated by GNU Autoconf 2.68.  Invocation command line was

  $ ./configure 

## --------- ##
## Platform. ##
## --------- ##

hostname = Joao-Paulos-MacBook-Pro-2.local
uname -m = x86_64
uname -r = 14.3.0
uname -s = Darwin
uname -v = Darwin Kernel Version 14.3.0: Mon Mar 23 11:59:05 PDT 2015; root:xnu-2782.20.48~5/RELEASE_X86_64

/usr/bin/uname -p = i386
/bin/uname -X     = unknown

/bin/arch              = unknown
/usr/bin/arch -k       = unknown
/usr/convex/getsysinfo = unknown
/usr/bin/hostinfo      = Mach kernel version:
	 Darwin Kernel Version 14.3.0: Mon Mar 23 11:59:05 PDT 2015; root:xnu-2782.20.48~5/RELEASE_X86_64
Kernel configured for up to 4 processors.
2 processors are physically available.
4 processors are logically available.
Processor type: x86_64h (Intel x86-64h Haswell)
Processors active: 0 1 2 3
Primary memory available: 8.00 gigabytes
Default processor set: 242 tasks, 1143 threads, 4 processors
Load average: 1.16, Mach factor: 2.83
/bin/machine           = unknown
/usr/bin/oslevel       = unknown
/bin/universe          = unknown

PATH: /Library/Frameworks/Python.framework/Versions/2.7/bin
PATH: /Library/Frameworks/Python.framework/Versions/2.7/bin
PATH: /Library/Frameworks/Python.framework/Versions/2.7/bin
PATH: /opt/local/bin
PATH: /opt/local/sbin
PATH: /opt/local/bin
PATH: /opt/local/sbin
PATH: /Users/jtpaulo
PATH: /Library/Frameworks/Python.framework/Versions/3.2/bin
PATH: /usr/local/bin
PATH: /usr/local/sbin
PATH: /usr/bin
PATH: /bin
PATH: /usr/sbin
PATH: /sbin
PATH: /usr/local/MacGPG2/bin
PATH: /usr/texbin


## ----------- ##
## Core tests. ##
## ----------- ##

configure:2275: checking for a BSD-compatible install
configure:2343: result: /usr/bin/install -c
configure:2354: checking whether build environment is sane
configure:2404: result: yes
configure:2545: checking for a thread-safe mkdir -p
configure:2584: result: ./install-sh -c -d
configure:2597: checking for gawk
configure:2627: result: no
configure:2597: checking for mawk
configure:2627: result: no
configure:2597: checking for nawk
configure:2627: result: no
configure:2597: checking for awk
configure:2613: found /usr/bin/awk
configure:2624: result: awk
configure:2635: checking whether make sets $(MAKE)
configure:2657: result: yes
configure:2749: checking for style of include used by make
configure:2777: result: GNU
configure:2848: checking for gcc
configure:2864: found /usr/bin/gcc
configure:2875: result: gcc
configure:3104: checking for C compiler version
configure:3113: gcc --version >&5
Apple LLVM version 6.1.0 (clang-602.0.53) (based on LLVM 3.6.0svn)
Target: x86_64-apple-darwin14.3.0
Thread model: posix
Configured with: --prefix=/Applications/Xcode.app/Contents/Developer/usr --with-gxx-include-dir=/usr/include/c++/4.2.1
configure:3124: $? = 0
configure:3113: gcc -v >&5
Configured with: --prefix=/Applications/Xcode.app/Contents/Developer/usr --with-gxx-include-dir=/usr/include/c++/4.2.1
Apple LLVM version 6.1.0 (clang-602.0.53) (based on LLVM 3.6.0svn)
Target: x86_64-apple-darwin14.3.0
Thread model: posix
configure:3124: $? = 0
configure:3113: gcc -V >&5
clang: error: argument to '-V' is missing (expected 1 value)
clang: error: no input files
configure:3124: $? = 1
configure:3113: gcc -qversion >&5
clang: error: unknown argument: '-qversion'
clang: error: no input files
configure:3124: $? = 1
configure:3144: checking whether the C compiler works
configure:3166: gcc    conftest.c  >&5
configure:3170: $? = 0
configure:3218: result: yes
configure:3221: checking for C compiler default output file name
configure:3223: result: a.out
configure:3229: checking for suffix of executables
configure:3236: gcc -o conftest    conftest.c  >&5
configure:3240: $? = 0
configure:3262: result: 
configure:3284: checking whether we are cross compiling
configure:3292: gcc -o conftest    conftest.c  >&5
configure:3296: $? = 0
configure:3303: ./conftest
configure:3307: $? = 0
configure:3322: result: no
configure:3327: checking for suffix of object files
configure:3349: gcc -c   conftest.c >&5
configure:3353: $? = 0
configure:3374: result: o
configure:3378: checking whether we are using the GNU C compiler
configure:3397: gcc -c   conftest.c >&5
configure:3397: $? = 0
configure:3406: result: yes
configure:3415: checking whether gcc accepts -g
configure:3435: gcc -c -g  conftest.c >&5
configure:3435: $? = 0
configure:3476: result: yes
configure:3493: checking for gcc option to accept ISO C89
configure:3557: gcc  -c -g -O2  conftest.c >&5
configure:3557: $? = 0
configure:3570: result: none needed
configure:3592: checking dependency style of gcc
configure:3703: result: gcc3
configure:3719: checking whether gcc and cc understand -c and -o together
configure:3750: gcc -c conftest.c -o conftest2.o >&5
configure:3754: $? = 0
configure:3760: gcc -c conftest.c -o conftest2.o >&5
configure:3764: $? = 0
configure:3775: cc -c conftest.c >&5
configure:3779: $? = 0
configure:3787: cc -c conftest.c -o conftest2.o >&5
configure:3791: $? = 0
configure:3797: cc -c conftest.c -o conftest2.o >&5
configure:3801: $? = 0
configure:3819: result: yes
configure:3847: checking whether make sets $(MAKE)
configure:3869: result: yes
configure:3882: checking for main in -ldb
configure:3901: gcc -o conftest -g -O2   conftest.c -ldb   >&5
configure:3901: $? = 0
configure:3910: result: yes
configure:3921: checking for main in -lssl
configure:3940: gcc -o conftest -g -O2   conftest.c -lssl  -ldb  >&5
configure:3940: $? = 0
configure:3949: result: yes
configure:3960: checking for main in -lcrypto
configure:3979: gcc -o conftest -g -O2   conftest.c -lcrypto  -lssl -ldb  >&5
configure:3979: $? = 0
configure:3988: result: yes
configure:4006: checking how to run the C preprocessor
configure:4037: gcc -E  conftest.c
configure:4037: $? = 0
configure:4051: gcc -E  conftest.c
conftest.c:14:10: fatal error: 'ac_nonexistent.h' file not found
#include <ac_nonexistent.h>
         ^
1 error generated.
configure:4051: $? = 1
configure: failed program was:
| /* confdefs.h */
| #define PACKAGE_NAME "FULL-PACKAGE-NAME"
| #define PACKAGE_TARNAME "full-package-name"
| #define PACKAGE_VERSION "VERSION"
| #define PACKAGE_STRING "FULL-PACKAGE-NAME VERSION"
| #define PACKAGE_BUGREPORT "BUG-REPORT-ADDRESS"
| #define PACKAGE_URL ""
| #define PACKAGE "full-package-name"
| #define VERSION "VERSION"
| #define HAVE_LIBDB 1
| #define HAVE_LIBSSL 1
| #define HAVE_LIBCRYPTO 1
| /* end confdefs.h.  */
| #include <ac_nonexistent.h>
configure:4076: result: gcc -E
configure:4096: gcc -E  conftest.c
configure:4096: $? = 0
configure:4110: gcc -E  conftest.c
conftest.c:14:10: fatal error: 'ac_nonexistent.h' file not found
#include <ac_nonexistent.h>
         ^
1 error generated.
configure:4110: $? = 1
configure: failed program was:
| /* confdefs.h */
| #define PACKAGE_NAME "FULL-PACKAGE-NAME"
| #define PACKAGE_TARNAME "full-package-name"
| #define PACKAGE_VERSION "VERSION"
| #define PACKAGE_STRING "FULL-PACKAGE-NAME VERSION"
| #define PACKAGE_BUGREPORT "BUG-REPORT-ADDRESS"
| #define PACKAGE_URL ""
| #define PACKAGE "full-package-name"
| #define VERSION "VERSION"
| #define HAVE_LIBDB 1
| #define HAVE_LIBSSL 1
| #define HAVE_LIBCRYPTO 1
| /* end confdefs.h.  */
| #include <ac_nonexistent.h>
configure:4139: checking for grep that handles long lines and -e
configure:4197: result: /usr/bin/grep
configure:4202: checking for egrep
configure:4264: result: /usr/bin/grep -E
configure:4269: checking for ANSI C header files
configure:4289: gcc -c -g -O2  conftest.c >&5
configure:4289: $? = 0
configure:4362: gcc -o conftest -g -O2   conftest.c -lcrypto -lssl -ldb  >&5
configure:4362: $? = 0
configure:4362: ./conftest
configure:4362: $? = 0
configure:4373: result: yes
configure:4386: checking for sys/types.h
configure:4386: gcc -c -g -O2  conftest.c >&5
configure:4386: $? = 0
configure:4386: result: yes
configure:4386: checking for sys/stat.h
configure:4386: gcc -c -g -O2  conftest.c >&5
configure:4386: $? = 0
configure:4386: result: yes
configure:4386: checking for stdlib.h
configure:4386: gcc -c -g -O2  conftest.c >&5
configure:4386: $? = 0
configure:4386: result: yes
configure:4386: checking for string.h
configure:4386: gcc -c -g -O2  conftest.c >&5
configure:4386: $? = 0
configure:4386: result: yes
configure:4386: checking for memory.h
configure:4386: gcc -c -g -O2  conftest.c >&5
configure:4386: $? = 0
configure:4386: result: yes
configure:4386: checking for strings.h
configure:4386: gcc -c -g -O2  conftest.c >&5
configure:4386: $? = 0
configure:4386: result: yes
configure:4386: checking for inttypes.h
configure:4386: gcc -c -g -O2  conftest.c >&5
configure:4386: $? = 0
configure:4386: result: yes
configure:4386: checking for stdint.h
configure:4386: gcc -c -g -O2  conftest.c >&5
configure:4386: $? = 0
configure:4386: result: yes
configure:4386: checking for unistd.h
configure:4386: gcc -c -g -O2  conftest.c >&5
configure:4386: $? = 0
configure:4386: result: yes
configure:4401: checking fcntl.h usability
configure:4401: gcc -c -g -O2  conftest.c >&5
configure:4401: $? = 0
configure:4401: result: yes
configure:4401: checking fcntl.h presence
configure:4401: gcc -E  conftest.c
configure:4401: $? = 0
configure:4401: result: yes
configure:4401: checking for fcntl.h
configure:4401: result: yes
configure:4401: checking for inttypes.h
configure:4401: result: yes
configure:4401: checking netinet/in.h usability
configure:4401: gcc -c -g -O2  conftest.c >&5
configure:4401: $? = 0
configure:4401: result: yes
configure:4401: checking netinet/in.h presence
configure:4401: gcc -E  conftest.c
configure:4401: $? = 0
configure:4401: result: yes
configure:4401: checking for netinet/in.h
configure:4401: result: yes
configure:4401: checking for stdlib.h
configure:4401: result: yes
configure:4401: checking for string.h
configure:4401: result: yes
configure:4401: checking for strings.h
configure:4401: result: yes
configure:4401: checking sys/socket.h usability
configure:4401: gcc -c -g -O2  conftest.c >&5
configure:4401: $? = 0
configure:4401: result: yes
configure:4401: checking sys/socket.h presence
configure:4401: gcc -E  conftest.c
configure:4401: $? = 0
configure:4401: result: yes
configure:4401: checking for sys/socket.h
configure:4401: result: yes
configure:4401: checking sys/time.h usability
configure:4401: gcc -c -g -O2  conftest.c >&5
configure:4401: $? = 0
configure:4401: result: yes
configure:4401: checking sys/time.h presence
configure:4401: gcc -E  conftest.c
configure:4401: $? = 0
configure:4401: result: yes
configure:4401: checking for sys/time.h
configure:4401: result: yes
configure:4401: checking for unistd.h
configure:4401: result: yes
configure:4413: checking for inline
configure:4429: gcc -c -g -O2  conftest.c >&5
configure:4429: $? = 0
configure:4437: result: inline
configure:4455: checking for mode_t
configure:4455: gcc -c -g -O2  conftest.c >&5
configure:4455: $? = 0
configure:4455: gcc -c -g -O2  conftest.c >&5
conftest.c:69:21: error: expected expression
if (sizeof ((mode_t)))
                    ^
1 error generated.
configure:4455: $? = 1
configure: failed program was:
| /* confdefs.h */
| #define PACKAGE_NAME "FULL-PACKAGE-NAME"
| #define PACKAGE_TARNAME "full-package-name"
| #define PACKAGE_VERSION "VERSION"
| #define PACKAGE_STRING "FULL-PACKAGE-NAME VERSION"
| #define PACKAGE_BUGREPORT "BUG-REPORT-ADDRESS"
| #define PACKAGE_URL ""
| #define PACKAGE "full-package-name"
| #define VERSION "VERSION"
| #define HAVE_LIBDB 1
| #define HAVE_LIBSSL 1
| #define HAVE_LIBCRYPTO 1
| #define STDC_HEADERS 1
| #define HAVE_SYS_TYPES_H 1
| #define HAVE_SYS_STAT_H 1
| #define HAVE_STDLIB_H 1
| #define HAVE_STRING_H 1
| #define HAVE_MEMORY_H 1
| #define HAVE_STRINGS_H 1
| #define HAVE_INTTYPES_H 1
| #define HAVE_STDINT_H 1
| #define HAVE_UNISTD_H 1
| #define HAVE_FCNTL_H 1
| #define HAVE_INTTYPES_H 1
| #define HAVE_NETINET_IN_H 1
| #define HAVE_STDLIB_H 1
| #define HAVE_STRING_H 1
| #define HAVE_STRINGS_H 1
| #define HAVE_SYS_SOCKET_H 1
| #define HAVE_SYS_TIME_H 1
| #define HAVE_UNISTD_H 1
| /* end confdefs.h.  */
| #include <stdio.h>
| #ifdef HAVE_SYS_TYPES_H
| # include <sys/types.h>
| #endif
| #ifdef HAVE_SYS_STAT_H
| # include <sys/stat.h>
| #endif
| #ifdef STDC_HEADERS
| # include <stdlib.h>
| # include <stddef.h>
| #else
| # ifdef HAVE_STDLIB_H
| #  include <stdlib.h>
| # endif
| #endif
| #ifdef HAVE_STRING_H
| # if !defined STDC_HEADERS && defined HAVE_MEMORY_H
| #  include <memory.h>
| # endif
| # include <string.h>
| #endif
| #ifdef HAVE_STRINGS_H
| # include <strings.h>
| #endif
| #ifdef HAVE_INTTYPES_H
| # include <inttypes.h>
| #endif
| #ifdef HAVE_STDINT_H
| # include <stdint.h>
| #endif
| #ifdef HAVE_UNISTD_H
| # include <unistd.h>
| #endif
| int
| main ()
| {
| if (sizeof ((mode_t)))
| 	    return 0;
|   ;
|   return 0;
| }
configure:4455: result: yes
configure:4466: checking for pid_t
configure:4466: gcc -c -g -O2  conftest.c >&5
configure:4466: $? = 0
configure:4466: gcc -c -g -O2  conftest.c >&5
conftest.c:69:20: error: expected expression
if (sizeof ((pid_t)))
                   ^
1 error generated.
configure:4466: $? = 1
configure: failed program was:
| /* confdefs.h */
| #define PACKAGE_NAME "FULL-PACKAGE-NAME"
| #define PACKAGE_TARNAME "full-package-name"
| #define PACKAGE_VERSION "VERSION"
| #define PACKAGE_STRING "FULL-PACKAGE-NAME VERSION"
| #define PACKAGE_BUGREPORT "BUG-REPORT-ADDRESS"
| #define PACKAGE_URL ""
| #define PACKAGE "full-package-name"
| #define VERSION "VERSION"
| #define HAVE_LIBDB 1
| #define HAVE_LIBSSL 1
| #define HAVE_LIBCRYPTO 1
| #define STDC_HEADERS 1
| #define HAVE_SYS_TYPES_H 1
| #define HAVE_SYS_STAT_H 1
| #define HAVE_STDLIB_H 1
| #define HAVE_STRING_H 1
| #define HAVE_MEMORY_H 1
| #define HAVE_STRINGS_H 1
| #define HAVE_INTTYPES_H 1
| #define HAVE_STDINT_H 1
| #define HAVE_UNISTD_H 1
| #define HAVE_FCNTL_H 1
| #define HAVE_INTTYPES_H 1
| #define HAVE_NETINET_IN_H 1
| #define HAVE_STDLIB_H 1
| #define HAVE_STRING_H 1
| #define HAVE_STRINGS_H 1
| #define HAVE_SYS_SOCKET_H 1
| #define HAVE_SYS_TIME_H 1
| #define HAVE_UNISTD_H 1
| /* end confdefs.h.  */
| #include <stdio.h>
| #ifdef HAVE_SYS_TYPES_H
| # include <sys/types.h>
| #endif
| #ifdef HAVE_SYS_STAT_H
| # include <sys/stat.h>
| #endif
| #ifdef STDC_HEADERS
| # include <stdlib.h>
| # include <stddef.h>
| #else
| # ifdef HAVE_STDLIB_H
| #  include <stdlib.h>
| # endif
| #endif
| #ifdef HAVE_STRING_H
| # if !defined STDC_HEADERS && defined HAVE_MEMORY_H
| #  include <memory.h>
| # endif
| # include <string.h>
| #endif
| #ifdef HAVE_STRINGS_H
| # include <strings.h>
| #endif
| #ifdef HAVE_INTTYPES_H
| # include <inttypes.h>
| #endif
| #ifdef HAVE_STDINT_H
| # include <stdint.h>
| #endif
| #ifdef HAVE_UNISTD_H
| # include <unistd.h>
| #endif
| int
| main ()
| {
| if (sizeof ((pid_t)))
| 	    return 0;
|   ;
|   return 0;
| }
configure:4466: result: yes
configure:4477: checking for uint32_t
configure:4477: gcc -c -g -O2  conftest.c >&5
configure:4477: $? = 0
configure:4477: result: yes
configure:4491: checking for uint64_t
configure:4491: gcc -c -g -O2  conftest.c >&5
configure:4491: $? = 0
configure:4491: result: yes
configure:4509: checking vfork.h usability
configure:4509: gcc -c -g -O2  conftest.c >&5
conftest.c:66:10: fatal error: 'vfork.h' file not found
#include <vfork.h>
         ^
1 error generated.
configure:4509: $? = 1
configure: failed program was:
| /* confdefs.h */
| #define PACKAGE_NAME "FULL-PACKAGE-NAME"
| #define PACKAGE_TARNAME "full-package-name"
| #define PACKAGE_VERSION "VERSION"
| #define PACKAGE_STRING "FULL-PACKAGE-NAME VERSION"
| #define PACKAGE_BUGREPORT "BUG-REPORT-ADDRESS"
| #define PACKAGE_URL ""
| #define PACKAGE "full-package-name"
| #define VERSION "VERSION"
| #define HAVE_LIBDB 1
| #define HAVE_LIBSSL 1
| #define HAVE_LIBCRYPTO 1
| #define STDC_HEADERS 1
| #define HAVE_SYS_TYPES_H 1
| #define HAVE_SYS_STAT_H 1
| #define HAVE_STDLIB_H 1
| #define HAVE_STRING_H 1
| #define HAVE_MEMORY_H 1
| #define HAVE_STRINGS_H 1
| #define HAVE_INTTYPES_H 1
| #define HAVE_STDINT_H 1
| #define HAVE_UNISTD_H 1
| #define HAVE_FCNTL_H 1
| #define HAVE_INTTYPES_H 1
| #define HAVE_NETINET_IN_H 1
| #define HAVE_STDLIB_H 1
| #define HAVE_STRING_H 1
| #define HAVE_STRINGS_H 1
| #define HAVE_SYS_SOCKET_H 1
| #define HAVE_SYS_TIME_H 1
| #define HAVE_UNISTD_H 1
| /* end confdefs.h.  */
| #include <stdio.h>
| #ifdef HAVE_SYS_TYPES_H
| # include <sys/types.h>
| #endif
| #ifdef HAVE_SYS_STAT_H
| # include <sys/stat.h>
| #endif
| #ifdef STDC_HEADERS
| # include <stdlib.h>
| # include <stddef.h>
| #else
| # ifdef HAVE_STDLIB_H
| #  include <stdlib.h>
| # endif
| #endif
| #ifdef HAVE_STRING_H
| # if !defined STDC_HEADERS && defined HAVE_MEMORY_H
| #  include <memory.h>
| # endif
| # include <string.h>
| #endif
| #ifdef HAVE_STRINGS_H
| # include <strings.h>
| #endif
| #ifdef HAVE_INTTYPES_H
| # include <inttypes.h>
| #endif
| #ifdef HAVE_STDINT_H
| # include <stdint.h>
| #endif
| #ifdef HAVE_UNISTD_H
| # include <unistd.h>
| #endif
| #include <vfork.h>
configure:4509: result: no
configure:4509: checking vfork.h presence
configure:4509: gcc -E  conftest.c
conftest.c:33:10: fatal error: 'vfork.h' file not found
#include <vfork.h>
         ^
1 error generated.
configure:4509: $? = 1
configure: failed program was:
| /* confdefs.h */
| #define PACKAGE_NAME "FULL-PACKAGE-NAME"
| #define PACKAGE_TARNAME "full-package-name"
| #define PACKAGE_VERSION "VERSION"
| #define PACKAGE_STRING "FULL-PACKAGE-NAME VERSION"
| #define PACKAGE_BUGREPORT "BUG-REPORT-ADDRESS"
| #define PACKAGE_URL ""
| #define PACKAGE "full-package-name"
| #define VERSION "VERSION"
| #define HAVE_LIBDB 1
| #define HAVE_LIBSSL 1
| #define HAVE_LIBCRYPTO 1
| #define STDC_HEADERS 1
| #define HAVE_SYS_TYPES_H 1
| #define HAVE_SYS_STAT_H 1
| #define HAVE_STDLIB_H 1
| #define HAVE_STRING_H 1
| #define HAVE_MEMORY_H 1
| #define HAVE_STRINGS_H 1
| #define HAVE_INTTYPES_H 1
| #define HAVE_STDINT_H 1
| #define HAVE_UNISTD_H 1
| #define HAVE_FCNTL_H 1
| #define HAVE_INTTYPES_H 1
| #define HAVE_NETINET_IN_H 1
| #define HAVE_STDLIB_H 1
| #define HAVE_STRING_H 1
| #define HAVE_STRINGS_H 1
| #define HAVE_SYS_SOCKET_H 1
| #define HAVE_SYS_TIME_H 1
| #define HAVE_UNISTD_H 1
| /* end confdefs.h.  */
| #include <vfork.h>
configure:4509: result: no
configure:4509: checking for vfork.h
configure:4509: result: no
configure:4522: checking for fork
configure:4522: gcc -o conftest -g -O2   conftest.c -lcrypto -lssl -ldb  >&5
configure:4522: $? = 0
configure:4522: result: yes
configure:4522: checking for vfork
configure:4522: gcc -o conftest -g -O2   conftest.c -lcrypto -lssl -ldb  >&5
conftest.c:57:6: warning: incompatible redeclaration of library function 'vfork' [-Wincompatible-library-redeclaration]
char vfork ();
     ^
conftest.c:57:6: note: 'vfork' is a builtin with type 'int (void)'
1 warning generated.
configure:4522: $? = 0
configure:4522: result: yes
configure:4532: checking for working fork
configure:4554: gcc -o conftest -g -O2   conftest.c -lcrypto -lssl -ldb  >&5
configure:4554: $? = 0
configure:4554: ./conftest
configure:4554: $? = 0
configure:4564: result: yes
configure:4585: checking for working vfork
configure:4695: result: yes
configure:4722: checking for stdlib.h
configure:4722: result: yes
configure:4732: checking for GNU libc compatible malloc
configure:4756: gcc -o conftest -g -O2   conftest.c -lcrypto -lssl -ldb  >&5
configure:4756: $? = 0
configure:4756: ./conftest
configure:4756: $? = 0
configure:4766: result: yes
configure:4793: checking for stdlib.h
configure:4793: result: yes
configure:4793: checking for unistd.h
configure:4793: result: yes
configure:4793: checking for sys/param.h
configure:4793: gcc -c -g -O2  conftest.c >&5
configure:4793: $? = 0
configure:4793: result: yes
configure:4813: checking for getpagesize
configure:4813: gcc -o conftest -g -O2   conftest.c -lcrypto -lssl -ldb  >&5
configure:4813: $? = 0
configure:4813: result: yes
configure:4822: checking for working mmap
configure:4969: gcc -o conftest -g -O2   conftest.c -lcrypto -lssl -ldb  >&5
configure:4969: $? = 0
configure:4969: ./conftest
configure:4969: $? = 0
configure:4979: result: yes
configure:4991: checking for bzero
configure:4991: gcc -o conftest -g -O2   conftest.c -lcrypto -lssl -ldb  >&5
conftest.c:67:6: warning: incompatible redeclaration of library function 'bzero' [-Wincompatible-library-redeclaration]
char bzero ();
     ^
conftest.c:67:6: note: 'bzero' is a builtin with type 'void (void *, unsigned long)'
1 warning generated.
configure:4991: $? = 0
configure:4991: result: yes
configure:4991: checking for gettimeofday
configure:4991: gcc -o conftest -g -O2   conftest.c -lcrypto -lssl -ldb  >&5
configure:4991: $? = 0
configure:4991: result: yes
configure:4991: checking for memset
configure:4991: gcc -o conftest -g -O2   conftest.c -lcrypto -lssl -ldb  >&5
conftest.c:69:6: warning: incompatible redeclaration of library function 'memset' [-Wincompatible-library-redeclaration]
char memset ();
     ^
conftest.c:69:6: note: 'memset' is a builtin with type 'void *(void *, int, unsigned long)'
1 warning generated.
configure:4991: $? = 0
configure:4991: result: yes
configure:5133: creating ./config.status

## ---------------------- ##
## Running config.status. ##
## ---------------------- ##

This file was extended by FULL-PACKAGE-NAME config.status VERSION, which was
generated by GNU Autoconf 2.68.  Invocation command line was

  CONFIG_FILES    = 
  CONFIG_HEADERS  = 
  CONFIG_LINKS    = 
  CONFIG_COMMANDS = 
  $ ./config.status 

on Joao-Paulos-MacBook-Pro-2.local

config.status:886: creating Makefile
config.status:886: creating config.h
config.status:1067: config.h is unchanged
config.status:1115: executing depfiles commands

## ---------------- ##
## Cache variables. ##
## ---------------- ##

ac_cv_c_compiler_gnu=yes
ac_cv_c_inline=inline
ac_cv_c_uint32_t=yes
ac_cv_c_uint64_t=yes
ac_cv_env_CC_set=
ac_cv_env_CC_value=
ac_cv_env_CFLAGS_set=
ac_cv_env_CFLAGS_value=
ac_cv_env_CPPFLAGS_set=
ac_cv_env_CPPFLAGS_value=
ac_cv_env_CPP_set=
ac_cv_env_CPP_value=
ac_cv_env_LDFLAGS_set=
ac_cv_env_LDFLAGS_value=
ac_cv_env_LIBS_set=
ac_cv_env_LIBS_value=
ac_cv_env_build_alias_set=
ac_cv_env_build_alias_value=
ac_cv_env_host_alias_set=
ac_cv_env_host_alias_value=
ac_cv_env_target_alias_set=
ac_cv_env_target_alias_value=
ac_cv_func_bzero=yes
ac_cv_func_fork=yes
ac_cv_func_fork_works=yes
ac_cv_func_getpagesize=yes
ac_cv_func_gettimeofday=yes
ac_cv_func_malloc_0_nonnull=yes
ac_cv_func_memset=yes
ac_cv_func_mmap_fixed_mapped=yes
ac_cv_func_vfork=yes
ac_cv_func_vfork_works=yes
ac_cv_header_fcntl_h=yes
ac_cv_header_inttypes_h=yes
ac_cv_header_memory_h=yes
ac_cv_header_netinet_in_h=yes
ac_cv_header_stdc=yes
ac_cv_header_stdint_h=yes
ac_cv_header_stdlib_h=yes
ac_cv_header_string_h=yes
ac_cv_header_strings_h=yes
ac_cv_header_sys_param_h=yes
ac_cv_header_sys_socket_h=yes
ac_cv_header_sys_stat_h=yes
ac_cv_header_sys_time_h=yes
ac_cv_header_sys_types_h=yes
ac_cv_header_unistd_h=yes
ac_cv_header_vfork_h=no
ac_cv_lib_crypto_main=yes
ac_cv_lib_db_main=yes
ac_cv_lib_ssl_main=yes
ac_cv_objext=o
ac_cv_path_EGREP='/usr/bin/grep -E'
ac_cv_path_GREP=/usr/bin/grep
ac_cv_path_install='/usr/bin/install -c'
ac_cv_prog_AWK=awk
ac_cv_prog_CPP='gcc -E'
ac_cv_prog_ac_ct_CC=gcc
ac_cv_prog_cc_c89=
ac_cv_prog_cc_g=yes
ac_cv_prog_cc_gcc_c_o=yes
ac_cv_prog_make_make_set=yes
ac_cv_type_mode_t=yes
ac_cv_type_pid_t=yes
am_cv_CC_dependencies_compiler_type=gcc3

## ----------------- ##
## Output variables. ##
## ----------------- ##

ACLOCAL='${SHELL} /Users/jtpaulo/Desktop/Dupsanalyser/missing --run aclocal-1.11'
AMDEPBACKSLASH='\'
AMDEP_FALSE='#'
AMDEP_TRUE=''
AMTAR='$${TAR-tar}'
AUTOCONF='${SHELL} /Users/jtpaulo/Desktop/Dupsanalyser/missing --run autoconf'
AUTOHEADER='${SHELL} /Users/jtpaulo/Desktop/Dupsanalyser/missing --run autoheader'
AUTOMAKE='${SHELL} /Users/jtpaulo/Desktop/Dupsanalyser/missing --run automake-1.11'
AWK='awk'
CC='gcc'
CCDEPMODE='depmode=gcc3'
CFLAGS='-g -O2'
CPP='gcc -E'
CPPFLAGS=''
CYGPATH_W='echo'
DEFS='-DHAVE_CONFIG_H'
DEPDIR='.deps'
ECHO_C='\c'
ECHO_N=''
ECHO_T=''
EGREP='/usr/bin/grep -E'
EXEEXT=''
GREP='/usr/bin/grep'
INSTALL_DATA='${INSTALL} -m 644'
INSTALL_PROGRAM='${INSTALL}'
INSTALL_SCRIPT='${INSTALL}'
INSTALL_STRIP_PROGRAM='$(install_sh) -c -s'
LDFLAGS=''
LIBOBJS=''
LIBS='-lcrypto -lssl -ldb '
LTLIBOBJS=''
MAKEINFO='${SHELL} /Users/jtpaulo/Desktop/Dupsanalyser/missing --run makeinfo'
MKDIR_P='./install-sh -c -d'
OBJEXT='o'
PACKAGE='full-package-name'
PACKAGE_BUGREPORT='BUG-REPORT-ADDRESS'
PACKAGE_NAME='FULL-PACKAGE-NAME'
PACKAGE_STRING='FULL-PACKAGE-NAME VERSION'
PACKAGE_TARNAME='full-package-name'
PACKAGE_URL=''
PACKAGE_VERSION='VERSION'
PATH_SEPARATOR=':'
SET_MAKE=''
SHELL='/bin/sh'
STRIP=''
VERSION='VERSION'
ac_ct_CC='gcc'
am__EXEEXT_FALSE=''
am__EXEEXT_TRUE='#'
am__fastdepCC_FALSE='#'
am__fastdepCC_TRUE=''
am__include='include'
am__isrc=''
am__leading_dot='.'
am__nodep='_no'
am__quote=''
am__tar='$${TAR-tar} chof - "$$tardir"'
am__untar='$${TAR-tar} xf -'
bindir='${exec_prefix}/bin'
build_alias=''
datadir='${datarootdir}'
datarootdir='${prefix}/share'
docdir='${datarootdir}/doc/${PACKAGE_TARNAME}'
dvidir='${docdir}'
exec_prefix='${prefix}'
host_alias=''
htmldir='${docdir}'
includedir='${prefix}/include'
infodir='${datarootdir}/info'
install_sh='${SHELL} /Users/jtpaulo/Desktop/Dupsanalyser/install-sh'
libdir='${exec_prefix}/lib'
libexecdir='${exec_prefix}/libexec'
localedir='${datarootdir}/locale'
localstatedir='${prefix}/var'
mandir='${datarootdir}/man'
mkdir_p='$(top_builddir)/./install-sh -c -d'
oldincludedir='/usr/include'
pdfdir='${docdir}'
prefix='/usr/local'
program_transform_name='s,x,x,'
psdir='${docdir}'
sbindir='${exec_prefix}/sbin'
sharedstatedir='${prefix}/com'
sysconfdir='${prefix}/etc'
target_alias=''

## ----------- ##
## confdefs.h. ##
## ----------- ##

/* confdefs.h */
#define PACKAGE_NAME "FULL-PACKAGE-NAME"
#define PACKAGE_TARNAME "full-package-name"
#define PACKAGE_VERSION "VERSION"
#define PACKAGE_STRING "FULL-PACKAGE-NAME VERSION"
#define PACKAGE_BUGREPORT "BUG-REPORT-ADDRESS"
#define PACKAGE_URL ""
#define PACKAGE "full-package-name"
#define VERSION "VERSION"
#define HAVE_LIBDB 1
#define HAVE_LIBSSL 1
#define HAVE_LIBCRYPTO 1
#define STDC_HEADERS 1
#define HAVE_SYS_TYPES_H 1
#define HAVE_SYS_STAT_H 1
#define HAVE_STDLIB_H 1
#define HAVE_STRING_H 1
#define HAVE_MEMORY_H 1
#define HAVE_STRINGS_H 1
#define HAVE_INTTYPES_H 1
#define HAVE_STDINT_H 1
#define HAVE_UNISTD_H 1
#define HAVE_FCNTL_H 1
#define HAVE_INTTYPES_H 1
#define HAVE_NETINET_IN_H 1
#define HAVE_STDLIB_H 1
#define HAVE_STRING_H 1
#define HAVE_STRINGS_H 1
#define HAVE_SYS_SOCKET_H 1
#define HAVE_SYS_TIME_H 1
#define HAVE_UNISTD_H 1
#define HAVE_FORK 1
#define HAVE_VFORK 1
#define HAVE_WORKING_VFORK 1
#define HAVE_WORKING_FORK 1
#define HAVE_STDLIB_H 1
#define HAVE_MALLOC 1
#define HAVE_STDLIB_H 1
#define HAVE_UNISTD_H 1
#define HAVE_SYS_PARAM_H 1
#define HAVE_GETPAGESIZE 1
#define HAVE_MMAP 1
#define HAVE_BZERO 1
#define HAVE_GETTIMEOFDAY 1
#define HAVE_MEMSET 1

configure: exit 0
